<?xml version="1.0" encoding="UTF-8"?>
<testng-results skipped="0" failed="0" total="1" passed="1">
  <reporter-output>
  </reporter-output>
  <suite name="Default suite" duration-ms="80323" started-at="2017-03-19T11:44:42Z" finished-at="2017-03-19T11:46:03Z">
    <groups>
    </groups>
    <test name="Default test" duration-ms="80323" started-at="2017-03-19T11:44:42Z" finished-at="2017-03-19T11:46:03Z">
      <class name="GoogleTest.GoogleTestClass">
        <test-method status="PASS" signature="googletestmethod()[pri:0, instance:GoogleTest.GoogleTestClass@2e3fe12e]" name="googletestmethod" duration-ms="80305" started-at="2017-03-19T17:14:42Z" finished-at="2017-03-19T17:16:03Z">
          <reporter-output>
          </reporter-output>
        </test-method> <!-- googletestmethod -->
      </class> <!-- GoogleTest.GoogleTestClass -->
    </test> <!-- Default test -->
  </suite> <!-- Default suite -->
</testng-results>
